<?xml version="1.0" encoding="UTF-8"?>
<testng-results ignored="0" total="1" passed="1" failed="0" skipped="0">
  <reporter-output>
  </reporter-output>
  <suite started-at="2023-04-24T17:36:20 IST" name="Default suite" finished-at="2023-04-24T17:37:30 IST" duration-ms="69931">
    <groups>
    </groups>
    <test started-at="2023-04-24T17:36:20 IST" name="Default test" finished-at="2023-04-24T17:37:30 IST" duration-ms="69931">
      <class name="decryption.data_masking">
        <test-method signature="test()[pri:0, instance:decryption.data_masking@4b2bac3f]" started-at="2023-04-24T17:36:20 IST" name="test" finished-at="2023-04-24T17:37:30 IST" duration-ms="69891" status="PASS">
          <reporter-output>
          </reporter-output>
        </test-method> <!-- test -->
      </class> <!-- decryption.data_masking -->
    </test> <!-- Default test -->
  </suite> <!-- Default suite -->
</testng-results>
